<?xml version="1.0" encoding="UTF-8"?>
<testsuite xmlns:xsi="http://www.w3.org/2001/XMLSchema-instance" xsi:noNamespaceSchemaLocation="https://maven.apache.org/surefire/maven-surefire-plugin/xsd/surefire-test-report.xsd" name="cn.com.github.test1.BaseTest" time="0.662" tests="1" errors="1" skipped="0" failures="0">
  <properties>
    <property name="sun.desktop" value="windows"/>
    <property name="awt.toolkit" value="sun.awt.windows.WToolkit"/>
    <property name="file.encoding.pkg" value="sun.io"/>
    <property name="java.specification.version" value="1.8"/>
    <property name="sun.cpu.isalist" value="amd64"/>
    <property name="sun.jnu.encoding" value="GBK"/>
    <property name="java.class.path" value="E:\git\SpringDemo\Spring-web\target\test-classes;E:\git\SpringDemo\Spring-web\target\classes;E:\git\SpringDemo\Spring-domain\target\Spring-domain-0.0.1-SNAPSHOT.jar;E:\mavenRepo\org\springframework\boot\spring-boot-starter-data-jpa\2.0.1.RELEASE\spring-boot-starter-data-jpa-2.0.1.RELEASE.jar;E:\mavenRepo\org\springframework\boot\spring-boot-starter-aop\2.0.1.RELEASE\spring-boot-starter-aop-2.0.1.RELEASE.jar;E:\mavenRepo\org\aspectj\aspectjweaver\1.8.13\aspectjweaver-1.8.13.jar;E:\mavenRepo\org\springframework\boot\spring-boot-starter-jdbc\2.0.1.RELEASE\spring-boot-starter-jdbc-2.0.1.RELEASE.jar;E:\mavenRepo\com\zaxxer\HikariCP\2.7.8\HikariCP-2.7.8.jar;E:\mavenRepo\org\springframework\spring-jdbc\5.0.5.RELEASE\spring-jdbc-5.0.5.RELEASE.jar;E:\mavenRepo\org\hibernate\hibernate-core\5.2.16.Final\hibernate-core-5.2.16.Final.jar;E:\mavenRepo\org\hibernate\javax\persistence\hibernate-jpa-2.1-api\1.0.0.Final\hibernate-jpa-2.1-api-1.0.0.Final.jar;E:\mavenRepo\org\javassist\javassist\3.22.0-GA\javassist-3.22.0-GA.jar;E:\mavenRepo\antlr\antlr\2.7.7\antlr-2.7.7.jar;E:\mavenRepo\org\jboss\jandex\2.0.3.Final\jandex-2.0.3.Final.jar;E:\mavenRepo\dom4j\dom4j\1.6.1\dom4j-1.6.1.jar;E:\mavenRepo\org\hibernate\common\hibernate-commons-annotations\5.0.1.Final\hibernate-commons-annotations-5.0.1.Final.jar;E:\mavenRepo\javax\transaction\javax.transaction-api\1.2\javax.transaction-api-1.2.jar;E:\mavenRepo\org\springframework\data\spring-data-jpa\2.0.6.RELEASE\spring-data-jpa-2.0.6.RELEASE.jar;E:\mavenRepo\org\springframework\data\spring-data-commons\2.0.6.RELEASE\spring-data-commons-2.0.6.RELEASE.jar;E:\mavenRepo\org\springframework\spring-orm\5.0.5.RELEASE\spring-orm-5.0.5.RELEASE.jar;E:\mavenRepo\org\springframework\spring-tx\5.0.5.RELEASE\spring-tx-5.0.5.RELEASE.jar;E:\mavenRepo\org\springframework\spring-aspects\5.0.5.RELEASE\spring-aspects-5.0.5.RELEASE.jar;E:\mavenRepo\org\springframework\boot\spring-boot-starter\2.0.1.RELEASE\spring-boot-starter-2.0.1.RELEASE.jar;E:\mavenRepo\org\springframework\boot\spring-boot-starter-logging\2.0.1.RELEASE\spring-boot-starter-logging-2.0.1.RELEASE.jar;E:\mavenRepo\ch\qos\logback\logback-classic\1.2.3\logback-classic-1.2.3.jar;E:\mavenRepo\ch\qos\logback\logback-core\1.2.3\logback-core-1.2.3.jar;E:\mavenRepo\org\slf4j\jul-to-slf4j\1.7.25\jul-to-slf4j-1.7.25.jar;E:\mavenRepo\javax\annotation\javax.annotation-api\1.3.2\javax.annotation-api-1.3.2.jar;E:\mavenRepo\org\yaml\snakeyaml\1.19\snakeyaml-1.19.jar;E:\git\SpringDemo\Spring-service\target\Spring-service-0.0.1-SNAPSHOT.jar;E:\git\SpringDemo\Spring-repository\target\Spring-repository-0.0.1-SNAPSHOT.jar;E:\mavenRepo\org\springframework\boot\spring-boot-starter-test\2.0.1.RELEASE\spring-boot-starter-test-2.0.1.RELEASE.jar;E:\mavenRepo\org\springframework\boot\spring-boot-test\2.0.1.RELEASE\spring-boot-test-2.0.1.RELEASE.jar;E:\mavenRepo\org\springframework\boot\spring-boot-test-autoconfigure\2.0.1.RELEASE\spring-boot-test-autoconfigure-2.0.1.RELEASE.jar;E:\mavenRepo\com\jayway\jsonpath\json-path\2.4.0\json-path-2.4.0.jar;E:\mavenRepo\net\minidev\json-smart\2.3\json-smart-2.3.jar;E:\mavenRepo\net\minidev\accessors-smart\1.2\accessors-smart-1.2.jar;E:\mavenRepo\org\ow2\asm\asm\5.0.4\asm-5.0.4.jar;E:\mavenRepo\org\assertj\assertj-core\3.9.1\assertj-core-3.9.1.jar;E:\mavenRepo\org\mockito\mockito-core\2.15.0\mockito-core-2.15.0.jar;E:\mavenRepo\net\bytebuddy\byte-buddy\1.7.11\byte-buddy-1.7.11.jar;E:\mavenRepo\net\bytebuddy\byte-buddy-agent\1.7.11\byte-buddy-agent-1.7.11.jar;E:\mavenRepo\org\objenesis\objenesis\2.6\objenesis-2.6.jar;E:\mavenRepo\org\hamcrest\hamcrest-core\1.3\hamcrest-core-1.3.jar;E:\mavenRepo\org\hamcrest\hamcrest-library\1.3\hamcrest-library-1.3.jar;E:\mavenRepo\org\skyscreamer\jsonassert\1.5.0\jsonassert-1.5.0.jar;E:\mavenRepo\com\vaadin\external\google\android-json\0.0.20131108.vaadin1\android-json-0.0.20131108.vaadin1.jar;E:\mavenRepo\org\springframework\spring-core\5.0.5.RELEASE\spring-core-5.0.5.RELEASE.jar;E:\mavenRepo\org\springframework\spring-jcl\5.0.5.RELEASE\spring-jcl-5.0.5.RELEASE.jar;E:\mavenRepo\org\springframework\spring-test\5.0.5.RELEASE\spring-test-5.0.5.RELEASE.jar;E:\mavenRepo\org\xmlunit\xmlunit-core\2.5.1\xmlunit-core-2.5.1.jar;E:\mavenRepo\org\springframework\boot\spring-boot-starter-web\2.0.1.RELEASE\spring-boot-starter-web-2.0.1.RELEASE.jar;E:\mavenRepo\org\springframework\boot\spring-boot-starter-json\2.0.1.RELEASE\spring-boot-starter-json-2.0.1.RELEASE.jar;E:\mavenRepo\com\fasterxml\jackson\core\jackson-databind\2.9.5\jackson-databind-2.9.5.jar;E:\mavenRepo\com\fasterxml\jackson\core\jackson-annotations\2.9.0\jackson-annotations-2.9.0.jar;E:\mavenRepo\com\fasterxml\jackson\core\jackson-core\2.9.5\jackson-core-2.9.5.jar;E:\mavenRepo\com\fasterxml\jackson\datatype\jackson-datatype-jdk8\2.9.5\jackson-datatype-jdk8-2.9.5.jar;E:\mavenRepo\com\fasterxml\jackson\datatype\jackson-datatype-jsr310\2.9.5\jackson-datatype-jsr310-2.9.5.jar;E:\mavenRepo\com\fasterxml\jackson\module\jackson-module-parameter-names\2.9.5\jackson-module-parameter-names-2.9.5.jar;E:\mavenRepo\org\springframework\boot\spring-boot-starter-tomcat\2.0.1.RELEASE\spring-boot-starter-tomcat-2.0.1.RELEASE.jar;E:\mavenRepo\org\apache\tomcat\embed\tomcat-embed-core\8.5.29\tomcat-embed-core-8.5.29.jar;E:\mavenRepo\org\apache\tomcat\embed\tomcat-embed-el\8.5.29\tomcat-embed-el-8.5.29.jar;E:\mavenRepo\org\apache\tomcat\embed\tomcat-embed-websocket\8.5.29\tomcat-embed-websocket-8.5.29.jar;E:\mavenRepo\org\hibernate\validator\hibernate-validator\6.0.9.Final\hibernate-validator-6.0.9.Final.jar;E:\mavenRepo\javax\validation\validation-api\2.0.1.Final\validation-api-2.0.1.Final.jar;E:\mavenRepo\org\jboss\logging\jboss-logging\3.3.2.Final\jboss-logging-3.3.2.Final.jar;E:\mavenRepo\com\fasterxml\classmate\1.3.4\classmate-1.3.4.jar;E:\mavenRepo\org\springframework\spring-web\5.0.5.RELEASE\spring-web-5.0.5.RELEASE.jar;E:\mavenRepo\org\springframework\spring-beans\5.0.5.RELEASE\spring-beans-5.0.5.RELEASE.jar;E:\mavenRepo\org\springframework\spring-webmvc\5.0.5.RELEASE\spring-webmvc-5.0.5.RELEASE.jar;E:\mavenRepo\org\springframework\spring-aop\5.0.5.RELEASE\spring-aop-5.0.5.RELEASE.jar;E:\mavenRepo\org\springframework\spring-context\5.0.5.RELEASE\spring-context-5.0.5.RELEASE.jar;E:\mavenRepo\org\springframework\spring-expression\5.0.5.RELEASE\spring-expression-5.0.5.RELEASE.jar;E:\mavenRepo\org\springframework\boot\spring-boot-devtools\2.0.1.RELEASE\spring-boot-devtools-2.0.1.RELEASE.jar;E:\mavenRepo\org\springframework\boot\spring-boot\2.0.1.RELEASE\spring-boot-2.0.1.RELEASE.jar;E:\mavenRepo\org\springframework\boot\spring-boot-autoconfigure\2.0.1.RELEASE\spring-boot-autoconfigure-2.0.1.RELEASE.jar;E:\mavenRepo\mysql\mysql-connector-java\5.1.46\mysql-connector-java-5.1.46.jar;E:\mavenRepo\junit\junit\4.12\junit-4.12.jar;E:\mavenRepo\com\alibaba\fastjson\1.2.47\fastjson-1.2.47.jar;E:\mavenRepo\org\slf4j\slf4j-api\1.7.25\slf4j-api-1.7.25.jar;E:\mavenRepo\org\apache\logging\log4j\log4j-to-slf4j\2.10.0\log4j-to-slf4j-2.10.0.jar;E:\mavenRepo\org\apache\logging\log4j\log4j-api\2.10.0\log4j-api-2.10.0.jar;E:\mavenRepo\org\projectlombok\lombok\1.16.20\lombok-1.16.20.jar;"/>
    <property name="java.vm.vendor" value="Oracle Corporation"/>
    <property name="sun.arch.data.model" value="64"/>
    <property name="user.variant" value=""/>
    <property name="java.vendor.url" value="http://java.oracle.com/"/>
    <property name="user.timezone" value=""/>
    <property name="java.vm.specification.version" value="1.8"/>
    <property name="os.name" value="Windows 10"/>
    <property name="user.country" value="CN"/>
    <property name="sun.java.launcher" value="SUN_STANDARD"/>
    <property name="sun.boot.library.path" value="E:\Program Files\jdk1.8\jre\bin"/>
    <property name="sun.java.command" value="C:\Users\ragro\AppData\Local\Temp\surefire4328859272438214777\surefirebooter1571212816491661568.jar C:\Users\ragro\AppData\Local\Temp\surefire4328859272438214777 2019-04-19T01-45-35_028-jvmRun1 surefire1857583246388691292tmp surefire_0371558290898350836tmp"/>
    <property name="surefire.test.class.path" value="E:\git\SpringDemo\Spring-web\target\test-classes;E:\git\SpringDemo\Spring-web\target\classes;E:\git\SpringDemo\Spring-domain\target\Spring-domain-0.0.1-SNAPSHOT.jar;E:\mavenRepo\org\springframework\boot\spring-boot-starter-data-jpa\2.0.1.RELEASE\spring-boot-starter-data-jpa-2.0.1.RELEASE.jar;E:\mavenRepo\org\springframework\boot\spring-boot-starter-aop\2.0.1.RELEASE\spring-boot-starter-aop-2.0.1.RELEASE.jar;E:\mavenRepo\org\aspectj\aspectjweaver\1.8.13\aspectjweaver-1.8.13.jar;E:\mavenRepo\org\springframework\boot\spring-boot-starter-jdbc\2.0.1.RELEASE\spring-boot-starter-jdbc-2.0.1.RELEASE.jar;E:\mavenRepo\com\zaxxer\HikariCP\2.7.8\HikariCP-2.7.8.jar;E:\mavenRepo\org\springframework\spring-jdbc\5.0.5.RELEASE\spring-jdbc-5.0.5.RELEASE.jar;E:\mavenRepo\org\hibernate\hibernate-core\5.2.16.Final\hibernate-core-5.2.16.Final.jar;E:\mavenRepo\org\hibernate\javax\persistence\hibernate-jpa-2.1-api\1.0.0.Final\hibernate-jpa-2.1-api-1.0.0.Final.jar;E:\mavenRepo\org\javassist\javassist\3.22.0-GA\javassist-3.22.0-GA.jar;E:\mavenRepo\antlr\antlr\2.7.7\antlr-2.7.7.jar;E:\mavenRepo\org\jboss\jandex\2.0.3.Final\jandex-2.0.3.Final.jar;E:\mavenRepo\dom4j\dom4j\1.6.1\dom4j-1.6.1.jar;E:\mavenRepo\org\hibernate\common\hibernate-commons-annotations\5.0.1.Final\hibernate-commons-annotations-5.0.1.Final.jar;E:\mavenRepo\javax\transaction\javax.transaction-api\1.2\javax.transaction-api-1.2.jar;E:\mavenRepo\org\springframework\data\spring-data-jpa\2.0.6.RELEASE\spring-data-jpa-2.0.6.RELEASE.jar;E:\mavenRepo\org\springframework\data\spring-data-commons\2.0.6.RELEASE\spring-data-commons-2.0.6.RELEASE.jar;E:\mavenRepo\org\springframework\spring-orm\5.0.5.RELEASE\spring-orm-5.0.5.RELEASE.jar;E:\mavenRepo\org\springframework\spring-tx\5.0.5.RELEASE\spring-tx-5.0.5.RELEASE.jar;E:\mavenRepo\org\springframework\spring-aspects\5.0.5.RELEASE\spring-aspects-5.0.5.RELEASE.jar;E:\mavenRepo\org\springframework\boot\spring-boot-starter\2.0.1.RELEASE\spring-boot-starter-2.0.1.RELEASE.jar;E:\mavenRepo\org\springframework\boot\spring-boot-starter-logging\2.0.1.RELEASE\spring-boot-starter-logging-2.0.1.RELEASE.jar;E:\mavenRepo\ch\qos\logback\logback-classic\1.2.3\logback-classic-1.2.3.jar;E:\mavenRepo\ch\qos\logback\logback-core\1.2.3\logback-core-1.2.3.jar;E:\mavenRepo\org\slf4j\jul-to-slf4j\1.7.25\jul-to-slf4j-1.7.25.jar;E:\mavenRepo\javax\annotation\javax.annotation-api\1.3.2\javax.annotation-api-1.3.2.jar;E:\mavenRepo\org\yaml\snakeyaml\1.19\snakeyaml-1.19.jar;E:\git\SpringDemo\Spring-service\target\Spring-service-0.0.1-SNAPSHOT.jar;E:\git\SpringDemo\Spring-repository\target\Spring-repository-0.0.1-SNAPSHOT.jar;E:\mavenRepo\org\springframework\boot\spring-boot-starter-test\2.0.1.RELEASE\spring-boot-starter-test-2.0.1.RELEASE.jar;E:\mavenRepo\org\springframework\boot\spring-boot-test\2.0.1.RELEASE\spring-boot-test-2.0.1.RELEASE.jar;E:\mavenRepo\org\springframework\boot\spring-boot-test-autoconfigure\2.0.1.RELEASE\spring-boot-test-autoconfigure-2.0.1.RELEASE.jar;E:\mavenRepo\com\jayway\jsonpath\json-path\2.4.0\json-path-2.4.0.jar;E:\mavenRepo\net\minidev\json-smart\2.3\json-smart-2.3.jar;E:\mavenRepo\net\minidev\accessors-smart\1.2\accessors-smart-1.2.jar;E:\mavenRepo\org\ow2\asm\asm\5.0.4\asm-5.0.4.jar;E:\mavenRepo\org\assertj\assertj-core\3.9.1\assertj-core-3.9.1.jar;E:\mavenRepo\org\mockito\mockito-core\2.15.0\mockito-core-2.15.0.jar;E:\mavenRepo\net\bytebuddy\byte-buddy\1.7.11\byte-buddy-1.7.11.jar;E:\mavenRepo\net\bytebuddy\byte-buddy-agent\1.7.11\byte-buddy-agent-1.7.11.jar;E:\mavenRepo\org\objenesis\objenesis\2.6\objenesis-2.6.jar;E:\mavenRepo\org\hamcrest\hamcrest-core\1.3\hamcrest-core-1.3.jar;E:\mavenRepo\org\hamcrest\hamcrest-library\1.3\hamcrest-library-1.3.jar;E:\mavenRepo\org\skyscreamer\jsonassert\1.5.0\jsonassert-1.5.0.jar;E:\mavenRepo\com\vaadin\external\google\android-json\0.0.20131108.vaadin1\android-json-0.0.20131108.vaadin1.jar;E:\mavenRepo\org\springframework\spring-core\5.0.5.RELEASE\spring-core-5.0.5.RELEASE.jar;E:\mavenRepo\org\springframework\spring-jcl\5.0.5.RELEASE\spring-jcl-5.0.5.RELEASE.jar;E:\mavenRepo\org\springframework\spring-test\5.0.5.RELEASE\spring-test-5.0.5.RELEASE.jar;E:\mavenRepo\org\xmlunit\xmlunit-core\2.5.1\xmlunit-core-2.5.1.jar;E:\mavenRepo\org\springframework\boot\spring-boot-starter-web\2.0.1.RELEASE\spring-boot-starter-web-2.0.1.RELEASE.jar;E:\mavenRepo\org\springframework\boot\spring-boot-starter-json\2.0.1.RELEASE\spring-boot-starter-json-2.0.1.RELEASE.jar;E:\mavenRepo\com\fasterxml\jackson\core\jackson-databind\2.9.5\jackson-databind-2.9.5.jar;E:\mavenRepo\com\fasterxml\jackson\core\jackson-annotations\2.9.0\jackson-annotations-2.9.0.jar;E:\mavenRepo\com\fasterxml\jackson\core\jackson-core\2.9.5\jackson-core-2.9.5.jar;E:\mavenRepo\com\fasterxml\jackson\datatype\jackson-datatype-jdk8\2.9.5\jackson-datatype-jdk8-2.9.5.jar;E:\mavenRepo\com\fasterxml\jackson\datatype\jackson-datatype-jsr310\2.9.5\jackson-datatype-jsr310-2.9.5.jar;E:\mavenRepo\com\fasterxml\jackson\module\jackson-module-parameter-names\2.9.5\jackson-module-parameter-names-2.9.5.jar;E:\mavenRepo\org\springframework\boot\spring-boot-starter-tomcat\2.0.1.RELEASE\spring-boot-starter-tomcat-2.0.1.RELEASE.jar;E:\mavenRepo\org\apache\tomcat\embed\tomcat-embed-core\8.5.29\tomcat-embed-core-8.5.29.jar;E:\mavenRepo\org\apache\tomcat\embed\tomcat-embed-el\8.5.29\tomcat-embed-el-8.5.29.jar;E:\mavenRepo\org\apache\tomcat\embed\tomcat-embed-websocket\8.5.29\tomcat-embed-websocket-8.5.29.jar;E:\mavenRepo\org\hibernate\validator\hibernate-validator\6.0.9.Final\hibernate-validator-6.0.9.Final.jar;E:\mavenRepo\javax\validation\validation-api\2.0.1.Final\validation-api-2.0.1.Final.jar;E:\mavenRepo\org\jboss\logging\jboss-logging\3.3.2.Final\jboss-logging-3.3.2.Final.jar;E:\mavenRepo\com\fasterxml\classmate\1.3.4\classmate-1.3.4.jar;E:\mavenRepo\org\springframework\spring-web\5.0.5.RELEASE\spring-web-5.0.5.RELEASE.jar;E:\mavenRepo\org\springframework\spring-beans\5.0.5.RELEASE\spring-beans-5.0.5.RELEASE.jar;E:\mavenRepo\org\springframework\spring-webmvc\5.0.5.RELEASE\spring-webmvc-5.0.5.RELEASE.jar;E:\mavenRepo\org\springframework\spring-aop\5.0.5.RELEASE\spring-aop-5.0.5.RELEASE.jar;E:\mavenRepo\org\springframework\spring-context\5.0.5.RELEASE\spring-context-5.0.5.RELEASE.jar;E:\mavenRepo\org\springframework\spring-expression\5.0.5.RELEASE\spring-expression-5.0.5.RELEASE.jar;E:\mavenRepo\org\springframework\boot\spring-boot-devtools\2.0.1.RELEASE\spring-boot-devtools-2.0.1.RELEASE.jar;E:\mavenRepo\org\springframework\boot\spring-boot\2.0.1.RELEASE\spring-boot-2.0.1.RELEASE.jar;E:\mavenRepo\org\springframework\boot\spring-boot-autoconfigure\2.0.1.RELEASE\spring-boot-autoconfigure-2.0.1.RELEASE.jar;E:\mavenRepo\mysql\mysql-connector-java\5.1.46\mysql-connector-java-5.1.46.jar;E:\mavenRepo\junit\junit\4.12\junit-4.12.jar;E:\mavenRepo\com\alibaba\fastjson\1.2.47\fastjson-1.2.47.jar;E:\mavenRepo\org\slf4j\slf4j-api\1.7.25\slf4j-api-1.7.25.jar;E:\mavenRepo\org\apache\logging\log4j\log4j-to-slf4j\2.10.0\log4j-to-slf4j-2.10.0.jar;E:\mavenRepo\org\apache\logging\log4j\log4j-api\2.10.0\log4j-api-2.10.0.jar;E:\mavenRepo\org\projectlombok\lombok\1.16.20\lombok-1.16.20.jar;"/>
    <property name="sun.cpu.endian" value="little"/>
    <property name="user.home" value="C:\Users\ragro"/>
    <property name="user.language" value="zh"/>
    <property name="java.specification.vendor" value="Oracle Corporation"/>
    <property name="java.home" value="E:\Program Files\jdk1.8\jre"/>
    <property name="basedir" value="E:\git\SpringDemo\Spring-web"/>
    <property name="file.separator" value="\"/>
    <property name="line.separator" value="&#10;"/>
    <property name="java.vm.specification.vendor" value="Oracle Corporation"/>
    <property name="java.specification.name" value="Java Platform API Specification"/>
    <property name="java.awt.graphicsenv" value="sun.awt.Win32GraphicsEnvironment"/>
    <property name="surefire.real.class.path" value="C:\Users\ragro\AppData\Local\Temp\surefire4328859272438214777\surefirebooter1571212816491661568.jar"/>
    <property name="sun.boot.class.path" value="E:\Program Files\jdk1.8\jre\lib\resources.jar;E:\Program Files\jdk1.8\jre\lib\rt.jar;E:\Program Files\jdk1.8\jre\lib\sunrsasign.jar;E:\Program Files\jdk1.8\jre\lib\jsse.jar;E:\Program Files\jdk1.8\jre\lib\jce.jar;E:\Program Files\jdk1.8\jre\lib\charsets.jar;E:\Program Files\jdk1.8\jre\lib\jfr.jar;E:\Program Files\jdk1.8\jre\classes"/>
    <property name="user.script" value=""/>
    <property name="sun.management.compiler" value="HotSpot 64-Bit Tiered Compilers"/>
    <property name="java.runtime.version" value="1.8.0_201-2-redhat-b09"/>
    <property name="user.name" value="ragro"/>
    <property name="path.separator" value=";"/>
    <property name="os.version" value="10.0"/>
    <property name="java.endorsed.dirs" value="E:\Program Files\jdk1.8\jre\lib\endorsed"/>
    <property name="java.runtime.name" value="OpenJDK Runtime Environment"/>
    <property name="file.encoding" value="GBK"/>
    <property name="java.vm.name" value="OpenJDK 64-Bit Server VM"/>
    <property name="localRepository" value="E:\mavenRepo"/>
    <property name="java.vendor.url.bug" value="http://bugreport.sun.com/bugreport/"/>
    <property name="java.io.tmpdir" value="C:\Users\ragro\AppData\Local\Temp\"/>
    <property name="idea.version" value="2018.3.5"/>
    <property name="java.version" value="1.8.0_201-2-redhat"/>
    <property name="user.dir" value="E:\git\SpringDemo\Spring-web"/>
    <property name="os.arch" value="amd64"/>
    <property name="java.vm.specification.name" value="Java Virtual Machine Specification"/>
    <property name="java.awt.printerjob" value="sun.awt.windows.WPrinterJob"/>
    <property name="sun.os.patch.level" value=""/>
    <property name="java.library.path" value="E:\Program Files\jdk1.8\jre\bin;C:\Windows\Sun\Java\bin;C:\Windows\system32;C:\Windows;C:\Windows\system32;C:\Windows;C:\Windows\System32\Wbem;C:\Windows\System32\WindowsPowerShell\v1.0\;C:\Windows\System32\OpenSSH\;E:\Program Files\nodejs\;E:\Program Files\Git\cmd;E:\Program Files\jdk1.8\bin;E:\Program Files\jdk1.8\jre\bin;E:\Program Files\mysql-5.7.25-winx64\bin;E:\Program Files\Redis-x64-3.2.100;C:\Users\ragro\AppData\Local\Microsoft\WindowsApps;C:\Users\ragro\AppData\Roaming\npm;E:\Program Files\Microsoft VS Code\bin;C:\Program Files\JetBrains\IntelliJ IDEA 2018.3.5\bin;;."/>
    <property name="java.vm.info" value="mixed mode"/>
    <property name="java.vendor" value="Oracle Corporation"/>
    <property name="java.vm.version" value="25.201-b09"/>
    <property name="java.ext.dirs" value="E:\Program Files\jdk1.8\jre\lib\ext;C:\Windows\Sun\Java\lib\ext"/>
    <property name="sun.io.unicode.encoding" value="UnicodeLittle"/>
    <property name="maven.repo.local" value="E:\mavenRepo"/>
    <property name="java.class.version" value="52.0"/>
  </properties>
  <testcase name="initializationError" classname="cn.com.github.test1.BaseTest" time="0.006">
    <error message="No runnable methods" type="java.lang.Exception">java.lang.Exception: No runnable methods
</error>
  </testcase>
</testsuite>